# JRE version: 7.0_25-b17
# Java VM: Java HotSpot(TM) 64-Bit Server VM (23.25-b01 mixed mode windows-amd64 compressed oops)
Heap
 PSYoungGen      total 74432K, used 62171K [0x00000007aceb0000, 0x00000007b21c0000, 0x0000000800000000)
  eden space 63808K, 80% used [0x00000007aceb0000,0x00000007b0107f48,0x00000007b0d00000)
  from space 10624K, 99% used [0x00000007b1760000,0x00000007b21befa8,0x00000007b21c0000)
  to   space 10624K, 0% used [0x00000007b0d00000,0x00000007b0d00000,0x00000007b1760000)
 ParOldGen       total 170176K, used 9061K [0x0000000706c00000, 0x0000000711230000, 0x00000007aceb0000)
  object space 170176K, 5% used [0x0000000706c00000,0x00000007074d9720,0x0000000711230000)
 PSPermGen       total 37760K, used 37577K [0x0000000701a00000, 0x0000000703ee0000, 0x0000000706c00000)
  object space 37760K, 99% used [0x0000000701a00000,0x0000000703eb24c8,0x0000000703ee0000)
GC Heap History (4 events):
Event: 1.992 GC heap before
{Heap before GC invocations=1 (full 0):
 PSYoungGen      total 74432K, used 63808K [0x00000007aceb0000, 0x00000007b21c0000, 0x0000000800000000)
  eden space 63808K, 100% used [0x00000007aceb0000,0x00000007b0d00000,0x00000007b0d00000)
  from space 10624K, 0% used [0x00000007b1760000,0x00000007b1760000,0x00000007b21c0000)
  to   space 10624K, 0% used [0x00000007b0d00000,0x00000007b0d00000,0x00000007b1760000)
 ParOldGen       total 170176K, used 0K [0x0000000706c00000, 0x0000000711230000, 0x00000007aceb0000)
  object space 170176K, 0% used [0x0000000706c00000,0x0000000706c00000,0x0000000711230000)
 PSPermGen       total 21248K, used 17498K [0x0000000701a00000, 0x0000000702ec0000, 0x0000000706c00000)
  object space 21248K, 82% used [0x0000000701a00000,0x0000000702b16bc8,0x0000000702ec0000)
Event: 2.004 GC heap after
Heap after GC invocations=1 (full 0):
 PSYoungGen      total 74432K, used 8372K [0x00000007aceb0000, 0x00000007b21c0000, 0x0000000800000000)
  eden space 63808K, 0% used [0x00000007aceb0000,0x00000007aceb0000,0x00000007b0d00000)
  from space 10624K, 78% used [0x00000007b0d00000,0x00000007b152d2e8,0x00000007b1760000)
  to   space 10624K, 0% used [0x00000007b1760000,0x00000007b1760000,0x00000007b21c0000)
 ParOldGen       total 170176K, used 8K [0x0000000706c00000, 0x0000000711230000, 0x00000007aceb0000)
  object space 170176K, 0% used [0x0000000706c00000,0x0000000706c02000,0x0000000711230000)
 PSPermGen       total 21248K, used 17498K [0x0000000701a00000, 0x0000000702ec0000, 0x0000000706c00000)
  object space 21248K, 82% used [0x0000000701a00000,0x0000000702b16bc8,0x0000000702ec0000)
}
Event: 47.100 GC heap before
{Heap before GC invocations=2 (full 0):
 PSYoungGen      total 74432K, used 72180K [0x00000007aceb0000, 0x00000007b21c0000, 0x0000000800000000)
  eden space 63808K, 100% used [0x00000007aceb0000,0x00000007b0d00000,0x00000007b0d00000)
  from space 10624K, 78% used [0x00000007b0d00000,0x00000007b152d2e8,0x00000007b1760000)
  to   space 10624K, 0% used [0x00000007b1760000,0x00000007b1760000,0x00000007b21c0000)
 ParOldGen       total 170176K, used 8K [0x0000000706c00000, 0x0000000711230000, 0x00000007aceb0000)
  object space 170176K, 0% used [0x0000000706c00000,0x0000000706c02000,0x0000000711230000)
 PSPermGen       total 33920K, used 33734K [0x0000000701a00000, 0x0000000703b20000, 0x0000000706c00000)
  object space 33920K, 99% used [0x0000000701a00000,0x0000000703af1af0,0x0000000703b20000)
Event: 47.137 GC heap after
Heap after GC invocations=2 (full 0):
 PSYoungGen      total 74432K, used 10619K [0x00000007aceb0000, 0x00000007b21c0000, 0x0000000800000000)
  eden space 63808K, 0% used [0x00000007aceb0000,0x00000007aceb0000,0x00000007b0d00000)
  from space 10624K, 99% used [0x00000007b1760000,0x00000007b21befa8,0x00000007b21c0000)
  to   space 10624K, 0% used [0x00000007b0d00000,0x00000007b0d00000,0x00000007b1760000)
 ParOldGen       total 170176K, used 9061K [0x0000000706c00000, 0x0000000711230000, 0x00000007aceb0000)
  object space 170176K, 5% used [0x0000000706c00000,0x00000007074d9720,0x0000000711230000)
 PSPermGen       total 33920K, used 33734K [0x0000000701a00000, 0x0000000703b20000, 0x0000000706c00000)
  object space 33920K, 99% used [0x0000000701a00000,0x0000000703af1af0,0x0000000703b20000)
}

